GET /
GET /static/example.png
GET /favicon.ico
GET /static/style.css
GET /api/data.
GET /invalid
GET /api/data
GET /
GET /static/example.png
POST /
GET /
GET /static/example.png
GET /thank_you.html
GET /
GET /static/example.png
GET /thank_you.html
GET /thank_you.html.
GET /thank_you.html
GET /
GET /static/example.png
GET /thank_you.html
GET /thank_you.html
GET /thank_you.html
GET /
GET /static/example.png
GET /thank_you.html
GET /greet?name=Travis
GET /greet?name=John
GET /api/users
GET /api/users
GET /
GET /static/example.png
GET /thank_you.html
GET /greet?name=Alice
GET /greet
GET /
GET /static/example.png
GET /greet?name=John
GET /
GET /static/example.png
GET /thank_you.html
GET /thank_you.html
